进程3请求资源2：通过
进程2请求资源2：通过
进程3请求资源1：通过
进程1请求资源4：通过
进程1请求资源3：通过
进程4请求资源3：通过
进程2请求资源2：通过
进程2请求资源3：通过
进程3请求资源3：通过
进程4请求资源4：通过
进程3请求资源2：通过
进程2请求资源4：通过
进程4请求资源2：通过
进程2请求资源4：通过
进程2请求资源1：推迟
进程4请求资源1：通过
进程2请求资源2：推迟
进程2请求资源4：推迟
进程1请求资源3：通过
进程4请求资源1：通过
进程1请求资源3：通过
进程4请求资源2：通过
进程4请求资源1：通过
进程4请求资源4：通过
进程3请求资源3：通过
进程2请求资源2：推迟
进程1请求资源3：推迟
进程4请求资源4：通过
进程1请求资源1：推迟
进程3请求资源2：推迟
进程1请求资源2：推迟
进程2请求资源2：推迟
进程3请求资源4：推迟
进程2请求资源3：推迟
进程2请求资源3：推迟
进程4请求资源2：通过
进程3请求资源3：推迟
进程3请求资源3：推迟
进程3请求资源3：推迟
进程1请求资源2：推迟
进程1请求资源2：推迟
进程2请求资源4：推迟
进程4请求资源2：通过
进程4请求资源2：通过
进程4任务已完成
进程2获得资源1
进程2获得资源2
进程2获得资源4
进程2获得资源2
进程2获得资源2
进程2获得资源3
进程2获得资源3
进程2获得资源4
进程2请求资源4：通过
进程2请求资源4：通过
进程2任务已完成
进程1获得资源3
进程1获得资源1
进程1获得资源2
进程1获得资源2
进程1获得资源2
进程1请求资源4：通过
进程3获得资源2
进程3获得资源4
进程3获得资源3
进程3获得资源3
进程3请求资源1：推迟
进程3请求资源4：推迟
进程3请求资源1：推迟
进程1请求资源2：通过
进程1请求资源2：通过
进程1请求资源2：通过
进程1任务已完成
进程3获得资源3
进程3获得资源1
进程3获得资源4
进程3获得资源1
进程3请求资源1：通过
进程3请求资源4：通过
进程3请求资源4：通过
进程3任务已完成
所有任务均已完成

进程4请求资源6：通过
进程3请求资源7：通过
进程2请求资源6：推迟
进程1请求资源1：通过
进程4请求资源1：推迟
进程4请求资源4：推迟
进程3请求资源1：推迟
进程1请求资源2：通过
进程1请求资源3：通过
进程1任务已完成
进程3获得资源1
进程3请求资源2：通过
进程3任务已完成
进程2请求资源4：推迟
进程2请求资源1：推迟
进程4获得资源1
进程4获得资源4
进程4任务已完成
进程2获得资源6
进程2获得资源4
进程2获得资源1
进程2任务已完成
所有任务均已完成

